2006.03.23 10:22 B W:\Derek\camra\final\pis\bolin.html --> www.camra.msu.edu /pis bolin.html
2006.03.23 10:22 B W:\Derek\camra\final\pis\casman.html --> www.camra.msu.edu /pis casman.html
2006.03.23 10:22 B W:\Derek\camra\final\pis\choi.html --> www.camra.msu.edu /pis choi.html
2006.03.23 10:22 B W:\Derek\camra\final\pis\eisenberg.html --> www.camra.msu.edu /pis eisenberg.html
2006.03.23 10:22 B W:\Derek\camra\final\pis\gerba.html --> www.camra.msu.edu /pis gerba.html
2006.03.23 10:22 B W:\Derek\camra\final\pis\gurian.html --> www.camra.msu.edu /pis gurian.html
2006.03.23 10:22 B W:\Derek\camra\final\pis\haas.html --> www.camra.msu.edu /pis haas.html
2006.03.23 10:22 B W:\Derek\camra\final\pis\hashsham.html --> www.camra.msu.edu /pis hashsham.html
2006.03.23 10:22 B W:\Derek\camra\final\pis\keim.html --> www.camra.msu.edu /pis keim.html
2006.03.23 10:22 B W:\Derek\camra\final\pis\koopman.html --> www.camra.msu.edu /pis koopman.html
2006.03.23 10:22 B W:\Derek\camra\final\pis\nicas.html --> www.camra.msu.edu /pis nicas.html
2006.03.23 10:22 B W:\Derek\camra\final\pis\rose.html --> www.camra.msu.edu /pis rose.html
2006.03.23 10:22 B W:\Derek\camra\final\pis\small.html --> www.camra.msu.edu /pis small.html
2006.03.23 10:22 B W:\Derek\camra\final\pis\todd.html --> www.camra.msu.edu /pis todd.html
2006.03.23 10:22 B W:\Derek\camra\final\pis\weber.html --> www.camra.msu.edu /pis weber.html
2006.03.23 10:25 B W:\Derek\camra\final\pis\bolin.html --> www.camra.msu.edu /documents/pis bolin.html
2006.03.23 10:25 B W:\Derek\camra\final\pis\casman.html --> www.camra.msu.edu /documents/pis casman.html
2006.03.23 10:25 B W:\Derek\camra\final\pis\choi.html --> www.camra.msu.edu /documents/pis choi.html
2006.03.23 10:25 B W:\Derek\camra\final\pis\eisenberg.html --> www.camra.msu.edu /documents/pis eisenberg.html
2006.03.23 10:25 B W:\Derek\camra\final\pis\gerba.html --> www.camra.msu.edu /documents/pis gerba.html
2006.03.23 10:25 B W:\Derek\camra\final\pis\gurian.html --> www.camra.msu.edu /documents/pis gurian.html
2006.03.23 10:25 B W:\Derek\camra\final\pis\haas.html --> www.camra.msu.edu /documents/pis haas.html
2006.03.23 10:25 B W:\Derek\camra\final\pis\hashsham.html --> www.camra.msu.edu /documents/pis hashsham.html
2006.03.23 10:25 B W:\Derek\camra\final\pis\keim.html --> www.camra.msu.edu /documents/pis keim.html
2006.03.23 10:25 B W:\Derek\camra\final\pis\koopman.html --> www.camra.msu.edu /documents/pis koopman.html
2006.03.23 10:25 B W:\Derek\camra\final\pis\nicas.html --> www.camra.msu.edu /documents/pis nicas.html
2006.03.23 10:25 B W:\Derek\camra\final\pis\rose.html --> www.camra.msu.edu /documents/pis rose.html
2006.03.23 10:25 B W:\Derek\camra\final\pis\small.html --> www.camra.msu.edu /documents/pis small.html
2006.03.23 10:25 B W:\Derek\camra\final\pis\todd.html --> www.camra.msu.edu /documents/pis todd.html
2006.03.23 10:25 B W:\Derek\camra\final\pis\weber.html --> www.camra.msu.edu /documents/pis weber.html
