2006.03.23 10:22 B W:\Derek\camra\final\images\aboutus_02.jpg --> www.camra.msu.edu /images aboutus_02.jpg
2006.03.23 10:22 B W:\Derek\camra\final\images\aboutus_04.jpg --> www.camra.msu.edu /images aboutus_04.jpg
2006.03.23 10:22 B W:\Derek\camra\final\images\bacilli_02.jpg --> www.camra.msu.edu /images bacilli_02.jpg
2006.03.23 10:22 B W:\Derek\camra\final\images\banthracis_02.jpg --> www.camra.msu.edu /images banthracis_02.jpg
2006.03.23 10:22 B W:\Derek\camra\final\images\box.jpg --> www.camra.msu.edu /images box.jpg
2006.03.23 10:22 B W:\Derek\camra\final\images\camra_partners.jpg --> www.camra.msu.edu /images camra_partners.jpg
2006.03.23 10:22 B W:\Derek\camra\final\images\content_bg.jpg --> www.camra.msu.edu /images content_bg.jpg
2006.03.23 10:22 B W:\Derek\camra\final\images\ebola_02.jpg --> www.camra.msu.edu /images ebola_02.jpg
2006.03.23 10:22 B W:\Derek\camra\final\images\ebolasem_02.jpg --> www.camra.msu.edu /images ebolasem_02.jpg
2006.03.23 10:22 B W:\Derek\camra\final\images\final2_01.jpg --> www.camra.msu.edu /images final2_01.jpg
2006.03.23 10:22 B W:\Derek\camra\final\images\final2_02.jpg --> www.camra.msu.edu /images final2_02.jpg
2006.03.23 10:22 B W:\Derek\camra\final\images\final2_03.jpg --> www.camra.msu.edu /images final2_03.jpg
2006.03.23 10:22 B W:\Derek\camra\final\images\final2_04.jpg --> www.camra.msu.edu /images final2_04.jpg
2006.03.23 10:22 B W:\Derek\camra\final\images\final2_05.jpg --> www.camra.msu.edu /images final2_05.jpg
2006.03.23 10:22 B W:\Derek\camra\final\images\final2_06.jpg --> www.camra.msu.edu /images final2_06.jpg
2006.03.23 10:22 B W:\Derek\camra\final\images\final2_07.jpg --> www.camra.msu.edu /images final2_07.jpg
2006.03.23 10:22 B W:\Derek\camra\final\images\index_01.jpg --> www.camra.msu.edu /images index_01.jpg
2006.03.23 10:22 B W:\Derek\camra\final\images\index_02.jpg --> www.camra.msu.edu /images index_02.jpg
2006.03.23 10:22 B W:\Derek\camra\final\images\index_03.jpg --> www.camra.msu.edu /images index_03.jpg
2006.03.23 10:22 B W:\Derek\camra\final\images\index_04.jpg --> www.camra.msu.edu /images index_04.jpg
2006.03.23 10:22 B W:\Derek\camra\final\images\index_05.jpg --> www.camra.msu.edu /images index_05.jpg
2006.03.23 10:22 B W:\Derek\camra\final\images\index_06.jpg --> www.camra.msu.edu /images index_06.jpg
2006.03.23 10:22 B W:\Derek\camra\final\images\index_07.jpg --> www.camra.msu.edu /images index_07.jpg
2006.03.23 10:22 B W:\Derek\camra\final\images\rose.jpg --> www.camra.msu.edu /images rose.jpg
2006.03.23 10:22 B W:\Derek\camra\final\images\SEM-teleomorph_02.jpg --> www.camra.msu.edu /images SEM-teleomorph_02.jpg
2006.03.23 10:22 B W:\Derek\camra\final\images\sides.jpg --> www.camra.msu.edu /images sides.jpg
2006.03.23 10:22 B W:\Derek\camra\final\images\simonson_02.jpg --> www.camra.msu.edu /images simonson_02.jpg
2006.03.23 10:22 B W:\Derek\camra\final\images\smallpox_02.jpg --> www.camra.msu.edu /images smallpox_02.jpg
2006.03.23 10:22 B W:\Derek\camra\final\images\sporothrix_02.jpg --> www.camra.msu.edu /images sporothrix_02.jpg
2006.03.23 10:22 B W:\Derek\camra\final\images\trypanthinbloodfilm_02.jpg --> www.camra.msu.edu /images trypanthinbloodfilm_02.jpg
2006.03.23 10:22 B W:\Derek\camra\final\images\vcholeraevolvox_02.jpg --> www.camra.msu.edu /images vcholeraevolvox_02.jpg
2006.03.23 10:22 B W:\Derek\camra\final\images\version1a_blue_01.jpg --> www.camra.msu.edu /images version1a_blue_01.jpg
2006.03.23 10:22 B W:\Derek\camra\final\images\version1a_blue_01_bg.jpg --> www.camra.msu.edu /images version1a_blue_01_bg.jpg
2006.03.23 10:22 B W:\Derek\camra\final\images\version1a_blue_03.jpg --> www.camra.msu.edu /images version1a_blue_03.jpg
2006.03.23 10:22 B W:\Derek\camra\final\images\version1a_blue_05.jpg --> www.camra.msu.edu /images version1a_blue_05.jpg
2006.03.23 10:22 B W:\Derek\camra\final\images\version1a_gray_01.jpg --> www.camra.msu.edu /images version1a_gray_01.jpg
2006.03.23 10:22 B W:\Derek\camra\final\images\version1a_gray_01_bg.jpg --> www.camra.msu.edu /images version1a_gray_01_bg.jpg
2006.03.23 10:22 B W:\Derek\camra\final\images\version1a_gray_03.jpg --> www.camra.msu.edu /images version1a_gray_03.jpg
2006.03.23 10:22 B W:\Derek\camra\final\images\version1a_gray_05.jpg --> www.camra.msu.edu /images version1a_gray_05.jpg
2006.03.23 10:22 B W:\Derek\camra\final\images\version1a_green_01.jpg --> www.camra.msu.edu /images version1a_green_01.jpg
2006.03.23 10:22 B W:\Derek\camra\final\images\version1a_green_01_bg.jpg --> www.camra.msu.edu /images version1a_green_01_bg.jpg
2006.03.23 10:22 B W:\Derek\camra\final\images\version1a_green_03.jpg --> www.camra.msu.edu /images version1a_green_03.jpg
2006.03.23 10:22 B W:\Derek\camra\final\images\version1a_green_05.jpg --> www.camra.msu.edu /images version1a_green_05.jpg
2006.03.23 10:22 B W:\Derek\camra\final\images\version1a_red_01.jpg --> www.camra.msu.edu /images version1a_red_01.jpg
2006.03.23 10:22 B W:\Derek\camra\final\images\version1a_red_01_bg.jpg --> www.camra.msu.edu /images version1a_red_01_bg.jpg
2006.03.23 10:22 B W:\Derek\camra\final\images\version1a_red_03.jpg --> www.camra.msu.edu /images version1a_red_03.jpg
2006.03.23 10:22 B W:\Derek\camra\final\images\version1a_red_05.jpg --> www.camra.msu.edu /images version1a_red_05.jpg
2006.03.23 10:22 B W:\Derek\camra\final\images\version1a_slate_01.jpg --> www.camra.msu.edu /images version1a_slate_01.jpg
2006.03.23 10:22 B W:\Derek\camra\final\images\version1a_slate_01_bg.jpg --> www.camra.msu.edu /images version1a_slate_01_bg.jpg
2006.03.23 10:22 B W:\Derek\camra\final\images\version1a_slate_03.jpg --> www.camra.msu.edu /images version1a_slate_03.jpg
2006.03.23 10:22 B W:\Derek\camra\final\images\version1a_slate_05.jpg --> www.camra.msu.edu /images version1a_slate_05.jpg
2006.03.23 10:22 B W:\Derek\camra\final\images\version1a_yellow_01.jpg --> www.camra.msu.edu /images version1a_yellow_01.jpg
2006.03.23 10:22 B W:\Derek\camra\final\images\version1a_yellow_01_bg.jpg --> www.camra.msu.edu /images version1a_yellow_01_bg.jpg
2006.03.23 10:22 B W:\Derek\camra\final\images\version1a_yellow_03.jpg --> www.camra.msu.edu /images version1a_yellow_03.jpg
2006.03.23 10:22 B W:\Derek\camra\final\images\version1a_yellow_05.jpg --> www.camra.msu.edu /images version1a_yellow_05.jpg
2006.03.23 10:22 B W:\Derek\camra\final\images\ypestiswright_02.jpg --> www.camra.msu.edu /images ypestiswright_02.jpg
2006.03.23 10:25 B W:\Derek\camra\final\images\aboutus_02.jpg --> www.camra.msu.edu /documents/images aboutus_02.jpg
2006.03.23 10:25 B W:\Derek\camra\final\images\aboutus_04.jpg --> www.camra.msu.edu /documents/images aboutus_04.jpg
2006.03.23 10:25 B W:\Derek\camra\final\images\bacilli_02.jpg --> www.camra.msu.edu /documents/images bacilli_02.jpg
2006.03.23 10:25 B W:\Derek\camra\final\images\banthracis_02.jpg --> www.camra.msu.edu /documents/images banthracis_02.jpg
2006.03.23 10:25 B W:\Derek\camra\final\images\box.jpg --> www.camra.msu.edu /documents/images box.jpg
2006.03.23 10:25 B W:\Derek\camra\final\images\camra_partners.jpg --> www.camra.msu.edu /documents/images camra_partners.jpg
2006.03.23 10:25 B W:\Derek\camra\final\images\content_bg.jpg --> www.camra.msu.edu /documents/images content_bg.jpg
2006.03.23 10:25 B W:\Derek\camra\final\images\ebola_02.jpg --> www.camra.msu.edu /documents/images ebola_02.jpg
2006.03.23 10:25 B W:\Derek\camra\final\images\ebolasem_02.jpg --> www.camra.msu.edu /documents/images ebolasem_02.jpg
2006.03.23 10:25 B W:\Derek\camra\final\images\final2_01.jpg --> www.camra.msu.edu /documents/images final2_01.jpg
2006.03.23 10:25 B W:\Derek\camra\final\images\final2_02.jpg --> www.camra.msu.edu /documents/images final2_02.jpg
2006.03.23 10:25 B W:\Derek\camra\final\images\final2_03.jpg --> www.camra.msu.edu /documents/images final2_03.jpg
2006.03.23 10:25 B W:\Derek\camra\final\images\final2_04.jpg --> www.camra.msu.edu /documents/images final2_04.jpg
2006.03.23 10:25 B W:\Derek\camra\final\images\final2_05.jpg --> www.camra.msu.edu /documents/images final2_05.jpg
2006.03.23 10:25 B W:\Derek\camra\final\images\final2_06.jpg --> www.camra.msu.edu /documents/images final2_06.jpg
2006.03.23 10:25 B W:\Derek\camra\final\images\final2_07.jpg --> www.camra.msu.edu /documents/images final2_07.jpg
2006.03.23 10:25 B W:\Derek\camra\final\images\index_01.jpg --> www.camra.msu.edu /documents/images index_01.jpg
2006.03.23 10:25 B W:\Derek\camra\final\images\index_02.jpg --> www.camra.msu.edu /documents/images index_02.jpg
2006.03.23 10:25 B W:\Derek\camra\final\images\index_03.jpg --> www.camra.msu.edu /documents/images index_03.jpg
2006.03.23 10:25 B W:\Derek\camra\final\images\index_04.jpg --> www.camra.msu.edu /documents/images index_04.jpg
2006.03.23 10:25 B W:\Derek\camra\final\images\index_05.jpg --> www.camra.msu.edu /documents/images index_05.jpg
2006.03.23 10:25 B W:\Derek\camra\final\images\index_06.jpg --> www.camra.msu.edu /documents/images index_06.jpg
2006.03.23 10:25 B W:\Derek\camra\final\images\index_07.jpg --> www.camra.msu.edu /documents/images index_07.jpg
2006.03.23 10:25 B W:\Derek\camra\final\images\rose.jpg --> www.camra.msu.edu /documents/images rose.jpg
2006.03.23 10:25 B W:\Derek\camra\final\images\SEM-teleomorph_02.jpg --> www.camra.msu.edu /documents/images SEM-teleomorph_02.jpg
2006.03.23 10:25 B W:\Derek\camra\final\images\sides.jpg --> www.camra.msu.edu /documents/images sides.jpg
2006.03.23 10:25 B W:\Derek\camra\final\images\simonson_02.jpg --> www.camra.msu.edu /documents/images simonson_02.jpg
2006.03.23 10:25 B W:\Derek\camra\final\images\smallpox_02.jpg --> www.camra.msu.edu /documents/images smallpox_02.jpg
2006.03.23 10:25 B W:\Derek\camra\final\images\sporothrix_02.jpg --> www.camra.msu.edu /documents/images sporothrix_02.jpg
2006.03.23 10:25 B W:\Derek\camra\final\images\trypanthinbloodfilm_02.jpg --> www.camra.msu.edu /documents/images trypanthinbloodfilm_02.jpg
2006.03.23 10:25 B W:\Derek\camra\final\images\vcholeraevolvox_02.jpg --> www.camra.msu.edu /documents/images vcholeraevolvox_02.jpg
2006.03.23 10:25 B W:\Derek\camra\final\images\version1a_blue_01.jpg --> www.camra.msu.edu /documents/images version1a_blue_01.jpg
2006.03.23 10:25 B W:\Derek\camra\final\images\version1a_blue_01_bg.jpg --> www.camra.msu.edu /documents/images version1a_blue_01_bg.jpg
2006.03.23 10:25 B W:\Derek\camra\final\images\version1a_blue_03.jpg --> www.camra.msu.edu /documents/images version1a_blue_03.jpg
2006.03.23 10:25 B W:\Derek\camra\final\images\version1a_blue_05.jpg --> www.camra.msu.edu /documents/images version1a_blue_05.jpg
2006.03.23 10:25 B W:\Derek\camra\final\images\version1a_gray_01.jpg --> www.camra.msu.edu /documents/images version1a_gray_01.jpg
2006.03.23 10:25 B W:\Derek\camra\final\images\version1a_gray_01_bg.jpg --> www.camra.msu.edu /documents/images version1a_gray_01_bg.jpg
2006.03.23 10:25 B W:\Derek\camra\final\images\version1a_gray_03.jpg --> www.camra.msu.edu /documents/images version1a_gray_03.jpg
2006.03.23 10:25 B W:\Derek\camra\final\images\version1a_gray_05.jpg --> www.camra.msu.edu /documents/images version1a_gray_05.jpg
2006.03.23 10:25 B W:\Derek\camra\final\images\version1a_green_01.jpg --> www.camra.msu.edu /documents/images version1a_green_01.jpg
2006.03.23 10:25 B W:\Derek\camra\final\images\version1a_green_01_bg.jpg --> www.camra.msu.edu /documents/images version1a_green_01_bg.jpg
2006.03.23 10:25 B W:\Derek\camra\final\images\version1a_green_03.jpg --> www.camra.msu.edu /documents/images version1a_green_03.jpg
2006.03.23 10:25 B W:\Derek\camra\final\images\version1a_green_05.jpg --> www.camra.msu.edu /documents/images version1a_green_05.jpg
2006.03.23 10:25 B W:\Derek\camra\final\images\version1a_red_01.jpg --> www.camra.msu.edu /documents/images version1a_red_01.jpg
2006.03.23 10:25 B W:\Derek\camra\final\images\version1a_red_01_bg.jpg --> www.camra.msu.edu /documents/images version1a_red_01_bg.jpg
2006.03.23 10:25 B W:\Derek\camra\final\images\version1a_red_03.jpg --> www.camra.msu.edu /documents/images version1a_red_03.jpg
2006.03.23 10:25 B W:\Derek\camra\final\images\version1a_red_05.jpg --> www.camra.msu.edu /documents/images version1a_red_05.jpg
2006.03.23 10:25 B W:\Derek\camra\final\images\version1a_slate_01.jpg --> www.camra.msu.edu /documents/images version1a_slate_01.jpg
2006.03.23 10:25 B W:\Derek\camra\final\images\version1a_slate_01_bg.jpg --> www.camra.msu.edu /documents/images version1a_slate_01_bg.jpg
2006.03.23 10:25 B W:\Derek\camra\final\images\version1a_slate_03.jpg --> www.camra.msu.edu /documents/images version1a_slate_03.jpg
2006.03.23 10:25 B W:\Derek\camra\final\images\version1a_slate_05.jpg --> www.camra.msu.edu /documents/images version1a_slate_05.jpg
2006.03.23 10:25 B W:\Derek\camra\final\images\version1a_yellow_01.jpg --> www.camra.msu.edu /documents/images version1a_yellow_01.jpg
2006.03.23 10:25 B W:\Derek\camra\final\images\version1a_yellow_01_bg.jpg --> www.camra.msu.edu /documents/images version1a_yellow_01_bg.jpg
2006.03.23 10:25 B W:\Derek\camra\final\images\version1a_yellow_03.jpg --> www.camra.msu.edu /documents/images version1a_yellow_03.jpg
2006.03.23 10:25 B W:\Derek\camra\final\images\version1a_yellow_05.jpg --> www.camra.msu.edu /documents/images version1a_yellow_05.jpg
